\BOOKMARK [1][-]{section.1}{Introduction}{}% 1
\BOOKMARK [2][-]{subsection.1.1}{History of Data Compression}{section.1}% 2
\BOOKMARK [2][-]{subsection.1.2}{Overview of Lossless Data Compression Techniques}{section.1}% 3
\BOOKMARK [1][-]{section.2}{Prefix Codes and Entropy}{}% 4
\BOOKMARK [1][-]{section.3}{Shanon Coding}{}% 5
\BOOKMARK [1][-]{section.4}{Huffman Coding}{}% 6
\BOOKMARK [1][-]{section.5}{Lempel-Ziv\(lz\) Compression Methods}{}% 7
\BOOKMARK [2][-]{subsection.5.1}{LZ-77 Algorithm}{section.5}% 8
\BOOKMARK [2][-]{subsection.5.2}{LZ-78 Algorithm}{section.5}% 9
\BOOKMARK [1][-]{section.6}{Arithmetic Coding}{}% 10
\BOOKMARK [1][-]{section.7}{DEFLATE}{}% 11
\BOOKMARK [1][-]{section.8}{Tweet Classification By Data Compression 10.1145/2064448.2064473}{}% 12
\BOOKMARK [2][-]{subsection.8.1}{Proposed Method}{section.8}% 13
\BOOKMARK [2][-]{subsection.8.2}{Classification}{section.8}% 14
\BOOKMARK [2][-]{subsection.8.3}{Results}{section.8}% 15
\BOOKMARK [1][-]{section.9}{Energy Aware Lossless Data Compression 10.1145/1151690.1151692}{}% 16
\BOOKMARK [2][-]{subsection.9.1}{Methodologies and Summary}{section.9}% 17
\BOOKMARK [1][-]{section.10}{Lossless Compression of Already Compressed Textures strom2011lossless}{}% 18
\BOOKMARK [1][-]{section.11}{Texture compression using low-frequency signal modulation 10.5555/844174.844187}{}% 19
\BOOKMARK [1][-]{section.12}{Conclusion and Future Prospects}{}% 20
